[2016-11-16 23:27:16 +0000] [2462] [INFO] Starting gunicorn 19.6.0
[2016-11-16 23:27:16 +0000] [2462] [INFO] Listening at: http://0.0.0.0:8000 (2462)
[2016-11-16 23:27:16 +0000] [2462] [INFO] Using worker: sync
[2016-11-16 23:27:16 +0000] [2468] [INFO] Booting worker with pid: 2468
[2016-11-16 23:29:41 +0000] [2462] [INFO] Handling signal: term
[2016-11-16 13:29:41 +0000] [2468] [INFO] Worker exiting (pid: 2468)
[2016-11-16 23:29:41 +0000] [2462] [INFO] Shutting down: Master
[2016-11-16 23:29:41 +0000] [2523] [INFO] Starting gunicorn 19.6.0
[2016-11-16 23:29:41 +0000] [2523] [INFO] Listening at: http://0.0.0.0:8000 (2523)
[2016-11-16 23:29:41 +0000] [2523] [INFO] Using worker: sync
[2016-11-16 23:29:41 +0000] [2529] [INFO] Booting worker with pid: 2529
[2016-11-16 13:31:49 +0000] [2529] [INFO] Worker exiting (pid: 2529)
[2016-11-16 23:31:49 +0000] [2523] [INFO] Handling signal: term
[2016-11-16 23:31:49 +0000] [2523] [INFO] Shutting down: Master
[2016-11-16 23:31:49 +0000] [2596] [INFO] Starting gunicorn 19.6.0
[2016-11-16 23:31:49 +0000] [2596] [INFO] Listening at: http://0.0.0.0:8000 (2596)
[2016-11-16 23:31:49 +0000] [2596] [INFO] Using worker: sync
[2016-11-16 23:31:49 +0000] [2601] [INFO] Booting worker with pid: 2601
[2016-11-16 23:41:59 +0000] [2596] [INFO] Handling signal: term
[2016-11-16 13:41:59 +0000] [2601] [INFO] Worker exiting (pid: 2601)
[2016-11-16 23:41:59 +0000] [2596] [INFO] Shutting down: Master
[2016-11-16 23:41:59 +0000] [2677] [INFO] Starting gunicorn 19.6.0
[2016-11-16 23:41:59 +0000] [2677] [INFO] Listening at: http://0.0.0.0:8000 (2677)
[2016-11-16 23:41:59 +0000] [2677] [INFO] Using worker: sync
[2016-11-16 23:41:59 +0000] [2682] [INFO] Booting worker with pid: 2682
[2016-11-16 23:44:28 +0000] [2677] [INFO] Handling signal: term
[2016-11-16 13:44:28 +0000] [2682] [INFO] Worker exiting (pid: 2682)
[2016-11-16 23:44:28 +0000] [2677] [INFO] Shutting down: Master
[2016-11-16 23:44:28 +0000] [2721] [INFO] Starting gunicorn 19.6.0
[2016-11-16 23:44:28 +0000] [2721] [INFO] Listening at: http://0.0.0.0:8000 (2721)
[2016-11-16 23:44:28 +0000] [2721] [INFO] Using worker: sync
[2016-11-16 23:44:28 +0000] [2727] [INFO] Booting worker with pid: 2727
[2016-11-16 23:46:41 +0000] [2721] [INFO] Handling signal: term
[2016-11-16 13:46:41 +0000] [2727] [INFO] Worker exiting (pid: 2727)
[2016-11-16 23:46:41 +0000] [2721] [INFO] Shutting down: Master
[2016-11-16 23:46:41 +0000] [2763] [INFO] Starting gunicorn 19.6.0
[2016-11-16 23:46:41 +0000] [2763] [INFO] Listening at: http://0.0.0.0:8000 (2763)
[2016-11-16 23:46:41 +0000] [2763] [INFO] Using worker: sync
[2016-11-16 23:46:41 +0000] [2768] [INFO] Booting worker with pid: 2768
[2016-11-16 23:48:14 +0000] [2763] [INFO] Handling signal: term
[2016-11-16 13:48:14 +0000] [2768] [INFO] Worker exiting (pid: 2768)
[2016-11-16 23:48:14 +0000] [2763] [INFO] Shutting down: Master
[2016-11-16 23:48:14 +0000] [2804] [INFO] Starting gunicorn 19.6.0
[2016-11-16 23:48:14 +0000] [2804] [INFO] Listening at: http://0.0.0.0:8000 (2804)
[2016-11-16 23:48:14 +0000] [2804] [INFO] Using worker: sync
[2016-11-16 23:48:14 +0000] [2810] [INFO] Booting worker with pid: 2810
[2016-11-16 23:53:04 +0000] [2804] [INFO] Handling signal: term
[2016-11-16 13:53:04 +0000] [2810] [INFO] Worker exiting (pid: 2810)
[2016-11-16 23:53:04 +0000] [2804] [INFO] Shutting down: Master
[2016-11-16 23:53:04 +0000] [2865] [INFO] Starting gunicorn 19.6.0
[2016-11-16 23:53:04 +0000] [2865] [INFO] Listening at: http://0.0.0.0:8000 (2865)
[2016-11-16 23:53:04 +0000] [2865] [INFO] Using worker: sync
[2016-11-16 23:53:04 +0000] [2871] [INFO] Booting worker with pid: 2871
[2016-11-16 23:54:43 +0000] [2865] [INFO] Handling signal: term
[2016-11-16 13:54:43 +0000] [2871] [INFO] Worker exiting (pid: 2871)
[2016-11-16 23:54:43 +0000] [2865] [INFO] Shutting down: Master
[2016-11-16 23:54:43 +0000] [2908] [INFO] Starting gunicorn 19.6.0
[2016-11-16 23:54:43 +0000] [2908] [INFO] Listening at: http://0.0.0.0:8000 (2908)
[2016-11-16 23:54:43 +0000] [2908] [INFO] Using worker: sync
[2016-11-16 23:54:43 +0000] [2914] [INFO] Booting worker with pid: 2914
[2016-11-16 14:02:13 +0000] [2914] [INFO] Worker exiting (pid: 2914)
[2016-11-17 00:02:13 +0000] [2908] [INFO] Handling signal: term
[2016-11-17 00:02:13 +0000] [2908] [INFO] Shutting down: Master
[2016-11-17 00:24:38 +0000] [1356] [INFO] Starting gunicorn 19.6.0
[2016-11-17 00:24:38 +0000] [1356] [INFO] Listening at: http://0.0.0.0:8000 (1356)
[2016-11-17 00:24:38 +0000] [1356] [INFO] Using worker: sync
[2016-11-17 00:24:38 +0000] [1366] [INFO] Booting worker with pid: 1366
[2016-11-16 14:25:17 +0000] [1366] [INFO] Worker exiting (pid: 1366)
[2016-11-17 00:25:17 +0000] [1356] [INFO] Handling signal: term
[2016-11-17 00:25:17 +0000] [1356] [INFO] Shutting down: Master
[2016-11-17 00:25:17 +0000] [1441] [INFO] Starting gunicorn 19.6.0
[2016-11-17 00:25:17 +0000] [1441] [INFO] Listening at: http://0.0.0.0:8000 (1441)
[2016-11-17 00:25:17 +0000] [1441] [INFO] Using worker: sync
[2016-11-17 00:25:17 +0000] [1447] [INFO] Booting worker with pid: 1447
[2016-11-17 00:30:10 +0000] [1441] [INFO] Handling signal: term
[2016-11-16 14:30:10 +0000] [1447] [INFO] Worker exiting (pid: 1447)
[2016-11-17 00:30:10 +0000] [1441] [INFO] Shutting down: Master
[2016-11-17 00:30:10 +0000] [1527] [INFO] Starting gunicorn 19.6.0
[2016-11-17 00:30:10 +0000] [1527] [INFO] Listening at: http://0.0.0.0:8000 (1527)
[2016-11-17 00:30:10 +0000] [1527] [INFO] Using worker: sync
[2016-11-17 00:30:10 +0000] [1533] [INFO] Booting worker with pid: 1533
[2016-11-17 00:32:20 +0000] [1527] [INFO] Handling signal: term
[2016-11-16 14:32:20 +0000] [1533] [INFO] Worker exiting (pid: 1533)
[2016-11-17 00:32:20 +0000] [1527] [INFO] Shutting down: Master
[2016-11-17 00:32:20 +0000] [1595] [INFO] Starting gunicorn 19.6.0
[2016-11-17 00:32:20 +0000] [1595] [INFO] Listening at: http://0.0.0.0:8000 (1595)
[2016-11-17 00:32:20 +0000] [1595] [INFO] Using worker: sync
[2016-11-17 00:32:20 +0000] [1601] [INFO] Booting worker with pid: 1601
[2016-11-17 01:04:26 +0000] [1595] [INFO] Handling signal: term
[2016-11-16 15:04:26 +0000] [1601] [INFO] Worker exiting (pid: 1601)
[2016-11-17 01:04:26 +0000] [1595] [INFO] Shutting down: Master
[2016-11-17 01:04:26 +0000] [1689] [INFO] Starting gunicorn 19.6.0
[2016-11-17 01:04:26 +0000] [1689] [INFO] Listening at: http://0.0.0.0:8000 (1689)
[2016-11-17 01:04:26 +0000] [1689] [INFO] Using worker: sync
[2016-11-17 01:04:26 +0000] [1695] [INFO] Booting worker with pid: 1695
[2016-11-17 04:23:07 +0000] [1695] [INFO] Worker exiting (pid: 1695)
[2016-11-17 14:23:07 +0000] [1689] [INFO] Handling signal: term
[2016-11-17 14:23:07 +0000] [1689] [INFO] Shutting down: Master
[2016-11-17 14:23:07 +0000] [3594] [INFO] Starting gunicorn 19.6.0
[2016-11-17 14:23:07 +0000] [3594] [INFO] Listening at: http://0.0.0.0:8000 (3594)
[2016-11-17 14:23:07 +0000] [3594] [INFO] Using worker: sync
[2016-11-17 14:23:07 +0000] [3599] [INFO] Booting worker with pid: 3599
[2016-11-17 14:23:07 +0000] [3599] [ERROR] Exception in worker process
Traceback (most recent call last):
  File "/usr/lib/python2.6/site-packages/gunicorn/arbiter.py", line 557, in spawn_worker
    worker.init_process()
  File "/usr/lib/python2.6/site-packages/gunicorn/workers/base.py", line 126, in init_process
    self.load_wsgi()
  File "/usr/lib/python2.6/site-packages/gunicorn/workers/base.py", line 136, in load_wsgi
    self.wsgi = self.app.wsgi()
  File "/usr/lib/python2.6/site-packages/gunicorn/app/base.py", line 67, in wsgi
    self.callable = self.load()
  File "/usr/lib/python2.6/site-packages/gunicorn/app/wsgiapp.py", line 65, in load
    return self.load_wsgiapp()
  File "/usr/lib/python2.6/site-packages/gunicorn/app/wsgiapp.py", line 52, in load_wsgiapp
    return util.import_app(self.app_uri)
  File "/usr/lib/python2.6/site-packages/gunicorn/util.py", line 357, in import_app
    __import__(module)
  File "/home/box/web/ask/ask/wsgi.py", line 13, in <module>
    from django.core.wsgi import get_wsgi_application
  File "/usr/lib/python2.6/site-packages/django/core/wsgi.py", line 1, in <module>
    from django.core.handlers.wsgi import WSGIHandler
  File "/usr/lib/python2.6/site-packages/django/core/handlers/wsgi.py", line 11, in <module>
    from django.core.handlers import base
  File "/usr/lib/python2.6/site-packages/django/core/handlers/base.py", line 12, in <module>
    from django.db import connections, transaction
  File "/usr/lib/python2.6/site-packages/django/db/__init__.py", line 83, in <module>
    signals.request_started.connect(reset_queries)
  File "/usr/lib/python2.6/site-packages/django/dispatch/dispatcher.py", line 88, in connect
    if settings.DEBUG:
  File "/usr/lib/python2.6/site-packages/django/conf/__init__.py", line 54, in __getattr__
    self._setup(name)
  File "/usr/lib/python2.6/site-packages/django/conf/__init__.py", line 49, in _setup
    self._wrapped = Settings(settings_module)
  File "/usr/lib/python2.6/site-packages/django/conf/__init__.py", line 128, in __init__
    mod = importlib.import_module(self.SETTINGS_MODULE)
  File "/usr/lib/python2.6/site-packages/django/utils/importlib.py", line 40, in import_module
    __import__(name)
  File "/home/box/web/ask/ask/settings.py", line 65
     'HOST' : '127.0.0.1',
            ^
 SyntaxError: invalid syntax
[2016-11-17 14:23:07 +0000] [3599] [INFO] Worker exiting (pid: 3599)
[2016-11-17 14:23:07 +0000] [3594] [INFO] Shutting down: Master
[2016-11-17 14:23:07 +0000] [3594] [INFO] Reason: Worker failed to boot.
[2016-11-17 14:25:06 +0000] [3656] [INFO] Starting gunicorn 19.6.0
[2016-11-17 14:25:06 +0000] [3656] [INFO] Listening at: http://0.0.0.0:8000 (3656)
[2016-11-17 14:25:06 +0000] [3656] [INFO] Using worker: sync
[2016-11-17 14:25:06 +0000] [3661] [INFO] Booting worker with pid: 3661
[2016-11-17 14:25:06 +0000] [3661] [ERROR] Exception in worker process
Traceback (most recent call last):
  File "/usr/lib/python2.6/site-packages/gunicorn/arbiter.py", line 557, in spawn_worker
    worker.init_process()
  File "/usr/lib/python2.6/site-packages/gunicorn/workers/base.py", line 126, in init_process
    self.load_wsgi()
  File "/usr/lib/python2.6/site-packages/gunicorn/workers/base.py", line 136, in load_wsgi
    self.wsgi = self.app.wsgi()
  File "/usr/lib/python2.6/site-packages/gunicorn/app/base.py", line 67, in wsgi
    self.callable = self.load()
  File "/usr/lib/python2.6/site-packages/gunicorn/app/wsgiapp.py", line 65, in load
    return self.load_wsgiapp()
  File "/usr/lib/python2.6/site-packages/gunicorn/app/wsgiapp.py", line 52, in load_wsgiapp
    return util.import_app(self.app_uri)
  File "/usr/lib/python2.6/site-packages/gunicorn/util.py", line 357, in import_app
    __import__(module)
  File "/home/box/web/ask/ask/wsgi.py", line 13, in <module>
    from django.core.wsgi import get_wsgi_application
  File "/usr/lib/python2.6/site-packages/django/core/wsgi.py", line 1, in <module>
    from django.core.handlers.wsgi import WSGIHandler
  File "/usr/lib/python2.6/site-packages/django/core/handlers/wsgi.py", line 11, in <module>
    from django.core.handlers import base
  File "/usr/lib/python2.6/site-packages/django/core/handlers/base.py", line 12, in <module>
    from django.db import connections, transaction
  File "/usr/lib/python2.6/site-packages/django/db/__init__.py", line 83, in <module>
    signals.request_started.connect(reset_queries)
  File "/usr/lib/python2.6/site-packages/django/dispatch/dispatcher.py", line 88, in connect
    if settings.DEBUG:
  File "/usr/lib/python2.6/site-packages/django/conf/__init__.py", line 54, in __getattr__
    self._setup(name)
  File "/usr/lib/python2.6/site-packages/django/conf/__init__.py", line 49, in _setup
    self._wrapped = Settings(settings_module)
  File "/usr/lib/python2.6/site-packages/django/conf/__init__.py", line 128, in __init__
    mod = importlib.import_module(self.SETTINGS_MODULE)
  File "/usr/lib/python2.6/site-packages/django/utils/importlib.py", line 40, in import_module
    __import__(name)
  File "/home/box/web/ask/ask/settings.py", line 65
     'HOST' : '127.0.0.1',
            ^
 SyntaxError: invalid syntax
[2016-11-17 14:25:06 +0000] [3661] [INFO] Worker exiting (pid: 3661)
[2016-11-17 14:25:06 +0000] [3656] [INFO] Shutting down: Master
[2016-11-17 14:25:06 +0000] [3656] [INFO] Reason: Worker failed to boot.
[2016-11-17 14:25:46 +0000] [3713] [INFO] Starting gunicorn 19.6.0
[2016-11-17 14:25:46 +0000] [3713] [INFO] Listening at: http://0.0.0.0:8000 (3713)
[2016-11-17 14:25:46 +0000] [3713] [INFO] Using worker: sync
[2016-11-17 14:25:46 +0000] [3718] [INFO] Booting worker with pid: 3718
[2016-11-17 14:25:46 +0000] [3718] [ERROR] Exception in worker process
Traceback (most recent call last):
  File "/usr/lib/python2.6/site-packages/gunicorn/arbiter.py", line 557, in spawn_worker
    worker.init_process()
  File "/usr/lib/python2.6/site-packages/gunicorn/workers/base.py", line 126, in init_process
    self.load_wsgi()
  File "/usr/lib/python2.6/site-packages/gunicorn/workers/base.py", line 136, in load_wsgi
    self.wsgi = self.app.wsgi()
  File "/usr/lib/python2.6/site-packages/gunicorn/app/base.py", line 67, in wsgi
    self.callable = self.load()
  File "/usr/lib/python2.6/site-packages/gunicorn/app/wsgiapp.py", line 65, in load
    return self.load_wsgiapp()
  File "/usr/lib/python2.6/site-packages/gunicorn/app/wsgiapp.py", line 52, in load_wsgiapp
    return util.import_app(self.app_uri)
  File "/usr/lib/python2.6/site-packages/gunicorn/util.py", line 357, in import_app
    __import__(module)
  File "/home/box/web/ask/ask/wsgi.py", line 13, in <module>
    from django.core.wsgi import get_wsgi_application
  File "/usr/lib/python2.6/site-packages/django/core/wsgi.py", line 1, in <module>
    from django.core.handlers.wsgi import WSGIHandler
  File "/usr/lib/python2.6/site-packages/django/core/handlers/wsgi.py", line 11, in <module>
    from django.core.handlers import base
  File "/usr/lib/python2.6/site-packages/django/core/handlers/base.py", line 12, in <module>
    from django.db import connections, transaction
  File "/usr/lib/python2.6/site-packages/django/db/__init__.py", line 83, in <module>
    signals.request_started.connect(reset_queries)
  File "/usr/lib/python2.6/site-packages/django/dispatch/dispatcher.py", line 88, in connect
    if settings.DEBUG:
  File "/usr/lib/python2.6/site-packages/django/conf/__init__.py", line 54, in __getattr__
    self._setup(name)
  File "/usr/lib/python2.6/site-packages/django/conf/__init__.py", line 49, in _setup
    self._wrapped = Settings(settings_module)
  File "/usr/lib/python2.6/site-packages/django/conf/__init__.py", line 128, in __init__
    mod = importlib.import_module(self.SETTINGS_MODULE)
  File "/usr/lib/python2.6/site-packages/django/utils/importlib.py", line 40, in import_module
    __import__(name)
  File "/home/box/web/ask/ask/settings.py", line 65
     'HOST' : '127.0.0.1',
            ^
 SyntaxError: invalid syntax
[2016-11-17 14:25:46 +0000] [3718] [INFO] Worker exiting (pid: 3718)
[2016-11-17 14:25:46 +0000] [3713] [INFO] Shutting down: Master
[2016-11-17 14:25:46 +0000] [3713] [INFO] Reason: Worker failed to boot.
[2016-11-17 17:15:24 +0000] [4111] [INFO] Starting gunicorn 19.6.0
[2016-11-17 17:15:24 +0000] [4111] [INFO] Listening at: http://0.0.0.0:8000 (4111)
[2016-11-17 17:15:24 +0000] [4111] [INFO] Using worker: sync
[2016-11-17 17:15:24 +0000] [4116] [INFO] Booting worker with pid: 4116
[2016-11-17 17:17:04 +0000] [4111] [INFO] Handling signal: term
[2016-11-17 07:17:04 +0000] [4116] [INFO] Worker exiting (pid: 4116)
[2016-11-17 17:17:04 +0000] [4111] [INFO] Shutting down: Master
[2016-11-17 17:17:04 +0000] [4168] [INFO] Starting gunicorn 19.6.0
[2016-11-17 17:17:04 +0000] [4168] [INFO] Listening at: http://0.0.0.0:8000 (4168)
[2016-11-17 17:17:04 +0000] [4168] [INFO] Using worker: sync
[2016-11-17 17:17:04 +0000] [4173] [INFO] Booting worker with pid: 4173
[2016-11-17 17:17:44 +0000] [4168] [CRITICAL] WORKER TIMEOUT (pid:4173)
[2016-11-17 07:17:44 +0000] [4173] [INFO] Worker exiting (pid: 4173)
[2016-11-17 17:17:44 +0000] [4180] [INFO] Booting worker with pid: 4180
[2016-11-17 17:17:58 +0000] [4168] [INFO] Handling signal: term
[2016-11-17 17:17:58 +0000] [4228] [INFO] Starting gunicorn 19.6.0
[2016-11-17 17:17:58 +0000] [4228] [ERROR] Connection in use: ('0.0.0.0', 8000)
[2016-11-17 17:17:58 +0000] [4228] [ERROR] Retrying in 1 second.
[2016-11-17 17:17:59 +0000] [4228] [ERROR] Connection in use: ('0.0.0.0', 8000)
[2016-11-17 17:17:59 +0000] [4228] [ERROR] Retrying in 1 second.
[2016-11-17 17:18:00 +0000] [4228] [ERROR] Connection in use: ('0.0.0.0', 8000)
[2016-11-17 17:18:00 +0000] [4228] [ERROR] Retrying in 1 second.
[2016-11-17 17:18:01 +0000] [4228] [ERROR] Connection in use: ('0.0.0.0', 8000)
[2016-11-17 17:18:01 +0000] [4228] [ERROR] Retrying in 1 second.
[2016-11-17 17:18:02 +0000] [4228] [ERROR] Connection in use: ('0.0.0.0', 8000)
[2016-11-17 17:18:02 +0000] [4228] [ERROR] Retrying in 1 second.
[2016-11-17 17:18:03 +0000] [4228] [ERROR] Can't connect to ('0.0.0.0', 8000)
[2016-11-17 07:18:03 +0000] [4180] [INFO] Worker exiting (pid: 4180)
[2016-11-17 17:18:03 +0000] [4168] [INFO] Shutting down: Master
[2016-11-17 17:20:21 +0000] [4287] [INFO] Starting gunicorn 19.6.0
[2016-11-17 17:20:21 +0000] [4287] [INFO] Listening at: http://0.0.0.0:8000 (4287)
[2016-11-17 17:20:21 +0000] [4287] [INFO] Using worker: sync
[2016-11-17 17:20:21 +0000] [4292] [INFO] Booting worker with pid: 4292
[2016-11-17 17:22:27 +0000] [4287] [INFO] Handling signal: term
[2016-11-17 07:22:27 +0000] [4292] [INFO] Worker exiting (pid: 4292)
[2016-11-17 17:22:28 +0000] [4287] [INFO] Shutting down: Master
[2016-11-17 17:22:28 +0000] [4349] [INFO] Starting gunicorn 19.6.0
[2016-11-17 17:22:28 +0000] [4349] [INFO] Listening at: http://0.0.0.0:8000 (4349)
[2016-11-17 17:22:28 +0000] [4349] [INFO] Using worker: sync
[2016-11-17 17:22:28 +0000] [4354] [INFO] Booting worker with pid: 4354
[2016-11-17 17:23:05 +0000] [4349] [CRITICAL] WORKER TIMEOUT (pid:4354)
[2016-11-17 07:23:05 +0000] [4354] [INFO] Worker exiting (pid: 4354)
[2016-11-17 17:23:05 +0000] [4357] [INFO] Booting worker with pid: 4357
[2016-11-17 17:23:27 +0000] [4349] [INFO] Handling signal: term
[2016-11-17 07:23:27 +0000] [4357] [INFO] Worker exiting (pid: 4357)
[2016-11-17 17:23:27 +0000] [4349] [INFO] Shutting down: Master
[2016-11-17 17:23:27 +0000] [4405] [INFO] Starting gunicorn 19.6.0
[2016-11-17 17:23:27 +0000] [4405] [INFO] Listening at: http://0.0.0.0:8000 (4405)
[2016-11-17 17:23:27 +0000] [4405] [INFO] Using worker: sync
[2016-11-17 17:23:27 +0000] [4410] [INFO] Booting worker with pid: 4410
[2016-11-17 17:23:57 +0000] [4405] [INFO] Handling signal: term
[2016-11-17 17:23:58 +0000] [4462] [INFO] Starting gunicorn 19.6.0
[2016-11-17 17:23:58 +0000] [4462] [ERROR] Connection in use: ('0.0.0.0', 8000)
[2016-11-17 17:23:58 +0000] [4462] [ERROR] Retrying in 1 second.
[2016-11-17 17:23:59 +0000] [4462] [ERROR] Connection in use: ('0.0.0.0', 8000)
[2016-11-17 17:23:59 +0000] [4462] [ERROR] Retrying in 1 second.
[2016-11-17 17:24:00 +0000] [4462] [ERROR] Connection in use: ('0.0.0.0', 8000)
[2016-11-17 17:24:00 +0000] [4462] [ERROR] Retrying in 1 second.
[2016-11-17 17:24:01 +0000] [4462] [ERROR] Connection in use: ('0.0.0.0', 8000)
[2016-11-17 17:24:01 +0000] [4462] [ERROR] Retrying in 1 second.
[2016-11-17 17:24:02 +0000] [4462] [ERROR] Connection in use: ('0.0.0.0', 8000)
[2016-11-17 17:24:02 +0000] [4462] [ERROR] Retrying in 1 second.
[2016-11-17 17:24:03 +0000] [4462] [ERROR] Can't connect to ('0.0.0.0', 8000)
[2016-11-17 07:24:04 +0000] [4410] [INFO] Worker exiting (pid: 4410)
[2016-11-17 17:24:04 +0000] [4405] [INFO] Shutting down: Master
[2016-11-17 17:24:14 +0000] [4514] [INFO] Starting gunicorn 19.6.0
[2016-11-17 17:24:14 +0000] [4514] [INFO] Listening at: http://0.0.0.0:8000 (4514)
[2016-11-17 17:24:14 +0000] [4514] [INFO] Using worker: sync
[2016-11-17 17:24:14 +0000] [4519] [INFO] Booting worker with pid: 4519
[2016-11-17 07:27:44 +0000] [4519] [INFO] Worker exiting (pid: 4519)
[2016-11-17 17:27:44 +0000] [4514] [INFO] Handling signal: term
[2016-11-17 17:27:44 +0000] [4514] [INFO] Shutting down: Master
[2016-11-17 17:27:45 +0000] [4573] [INFO] Starting gunicorn 19.6.0
[2016-11-17 17:27:45 +0000] [4573] [INFO] Listening at: http://0.0.0.0:8000 (4573)
[2016-11-17 17:27:45 +0000] [4573] [INFO] Using worker: sync
[2016-11-17 17:27:45 +0000] [4578] [INFO] Booting worker with pid: 4578
[2016-11-17 17:28:24 +0000] [4573] [CRITICAL] WORKER TIMEOUT (pid:4578)
[2016-11-17 07:28:24 +0000] [4578] [INFO] Worker exiting (pid: 4578)
[2016-11-17 17:28:24 +0000] [4584] [INFO] Booting worker with pid: 4584
[2016-11-17 07:29:23 +0000] [4584] [INFO] Worker exiting (pid: 4584)
[2016-11-17 17:29:23 +0000] [4573] [INFO] Handling signal: term
[2016-11-17 17:29:23 +0000] [4573] [INFO] Shutting down: Master
[2016-11-17 17:29:23 +0000] [4629] [INFO] Starting gunicorn 19.6.0
[2016-11-17 17:29:23 +0000] [4629] [INFO] Listening at: http://0.0.0.0:8000 (4629)
[2016-11-17 17:29:23 +0000] [4629] [INFO] Using worker: sync
[2016-11-17 17:29:23 +0000] [4634] [INFO] Booting worker with pid: 4634
[2016-11-17 17:31:32 +0000] [4629] [INFO] Handling signal: term
[2016-11-17 07:31:32 +0000] [4634] [INFO] Worker exiting (pid: 4634)
[2016-11-17 17:31:32 +0000] [4629] [INFO] Shutting down: Master
[2016-11-17 17:31:32 +0000] [4693] [INFO] Starting gunicorn 19.6.0
[2016-11-17 17:31:32 +0000] [4693] [INFO] Listening at: http://0.0.0.0:8000 (4693)
[2016-11-17 17:31:32 +0000] [4693] [INFO] Using worker: sync
[2016-11-17 17:31:32 +0000] [4698] [INFO] Booting worker with pid: 4698
[2016-11-17 17:34:52 +0000] [4693] [INFO] Handling signal: term
[2016-11-17 07:34:52 +0000] [4698] [INFO] Worker exiting (pid: 4698)
[2016-11-17 17:34:52 +0000] [4693] [INFO] Shutting down: Master
[2016-11-17 17:34:52 +0000] [4769] [INFO] Starting gunicorn 19.6.0
[2016-11-17 17:34:52 +0000] [4769] [INFO] Listening at: http://0.0.0.0:8000 (4769)
[2016-11-17 17:34:52 +0000] [4769] [INFO] Using worker: sync
[2016-11-17 17:34:52 +0000] [4774] [INFO] Booting worker with pid: 4774
